{"C:\\Users\\nicol\\Downloads\\StartDB-2025\\src\\abrigo-animais.js": {"path":"C:\\Users\\nicol\\Downloads\\StartDB-2025\\src\\abrigo-animais.js","all":false,"statementMap":{"0":{"start":{"line":1,"column":0},"end":{"line":1,"column":0}},"1":{"start":{"line":2,"column":0},"end":{"line":2,"column":2}},"2":{"start":{"line":3,"column":0},"end":{"line":3,"column":49}},"3":{"start":{"line":4,"column":0},"end":{"line":4,"column":26}},"4":{"start":{"line":5,"column":0},"end":{"line":5,"column":20}},"5":{"start":{"line":6,"column":0},"end":{"line":6,"column":2}},"6":{"start":{"line":7,"column":0},"end":{"line":7,"column":0}},"7":{"start":{"line":8,"column":0},"end":{"line":8,"column":21}},"8":{"start":{"line":9,"column":0},"end":{"line":9,"column":17}},"9":{"start":{"line":10,"column":0},"end":{"line":10,"column":20}},"10":{"start":{"line":11,"column":0},"end":{"line":11,"column":65}},"11":{"start":{"line":12,"column":0},"end":{"line":12,"column":68}},"12":{"start":{"line":13,"column":0},"end":{"line":13,"column":76}},"13":{"start":{"line":14,"column":0},"end":{"line":14,"column":67}},"14":{"start":{"line":15,"column":0},"end":{"line":15,"column":69}},"15":{"start":{"line":16,"column":0},"end":{"line":16,"column":75}},"16":{"start":{"line":17,"column":0},"end":{"line":17,"column":69}},"17":{"start":{"line":18,"column":0},"end":{"line":18,"column":6}},"18":{"start":{"line":19,"column":0},"end":{"line":19,"column":28}},"19":{"start":{"line":20,"column":0},"end":{"line":20,"column":57}},"20":{"start":{"line":21,"column":0},"end":{"line":21,"column":6}},"21":{"start":{"line":22,"column":0},"end":{"line":22,"column":3}},"22":{"start":{"line":23,"column":0},"end":{"line":23,"column":0}},"23":{"start":{"line":24,"column":0},"end":{"line":24,"column":45}},"24":{"start":{"line":25,"column":0},"end":{"line":25,"column":58}},"25":{"start":{"line":26,"column":0},"end":{"line":26,"column":43}},"26":{"start":{"line":27,"column":0},"end":{"line":27,"column":59}},"27":{"start":{"line":28,"column":0},"end":{"line":28,"column":31}},"28":{"start":{"line":29,"column":0},"end":{"line":29,"column":26}},"29":{"start":{"line":30,"column":0},"end":{"line":30,"column":60}},"30":{"start":{"line":31,"column":0},"end":{"line":31,"column":44}},"31":{"start":{"line":32,"column":0},"end":{"line":32,"column":7}},"32":{"start":{"line":33,"column":0},"end":{"line":33,"column":39}},"33":{"start":{"line":34,"column":0},"end":{"line":34,"column":47}},"34":{"start":{"line":35,"column":0},"end":{"line":35,"column":5}},"35":{"start":{"line":36,"column":0},"end":{"line":36,"column":9}},"36":{"start":{"line":37,"column":0},"end":{"line":37,"column":38}},"37":{"start":{"line":38,"column":0},"end":{"line":38,"column":22}},"38":{"start":{"line":39,"column":0},"end":{"line":39,"column":61}},"39":{"start":{"line":40,"column":0},"end":{"line":40,"column":61}},"40":{"start":{"line":41,"column":0},"end":{"line":41,"column":57}},"41":{"start":{"line":42,"column":0},"end":{"line":42,"column":40}},"42":{"start":{"line":43,"column":0},"end":{"line":43,"column":65}},"43":{"start":{"line":44,"column":0},"end":{"line":44,"column":43}},"44":{"start":{"line":45,"column":0},"end":{"line":45,"column":5}},"45":{"start":{"line":46,"column":0},"end":{"line":46,"column":38}},"46":{"start":{"line":47,"column":0},"end":{"line":47,"column":29}},"47":{"start":{"line":48,"column":0},"end":{"line":48,"column":61}},"48":{"start":{"line":49,"column":0},"end":{"line":49,"column":20}},"49":{"start":{"line":50,"column":0},"end":{"line":50,"column":43}},"50":{"start":{"line":51,"column":0},"end":{"line":51,"column":7}},"51":{"start":{"line":52,"column":0},"end":{"line":52,"column":53}},"52":{"start":{"line":53,"column":0},"end":{"line":53,"column":43}},"53":{"start":{"line":54,"column":0},"end":{"line":54,"column":7}},"54":{"start":{"line":55,"column":0},"end":{"line":55,"column":59}},"55":{"start":{"line":56,"column":0},"end":{"line":56,"column":5}},"56":{"start":{"line":57,"column":0},"end":{"line":57,"column":33}},"57":{"start":{"line":58,"column":0},"end":{"line":58,"column":26}},"58":{"start":{"line":59,"column":0},"end":{"line":59,"column":23}},"59":{"start":{"line":60,"column":0},"end":{"line":60,"column":27}},"60":{"start":{"line":61,"column":0},"end":{"line":61,"column":27}},"61":{"start":{"line":62,"column":0},"end":{"line":62,"column":0}},"62":{"start":{"line":63,"column":0},"end":{"line":63,"column":6}},"63":{"start":{"line":64,"column":0},"end":{"line":64,"column":91}},"64":{"start":{"line":65,"column":0},"end":{"line":65,"column":104}},"65":{"start":{"line":66,"column":0},"end":{"line":66,"column":36}},"66":{"start":{"line":67,"column":0},"end":{"line":67,"column":87}},"67":{"start":{"line":68,"column":0},"end":{"line":68,"column":59}},"68":{"start":{"line":69,"column":0},"end":{"line":69,"column":98}},"69":{"start":{"line":70,"column":0},"end":{"line":70,"column":6}},"70":{"start":{"line":71,"column":0},"end":{"line":71,"column":23}},"71":{"start":{"line":72,"column":0},"end":{"line":72,"column":23}},"72":{"start":{"line":73,"column":0},"end":{"line":73,"column":31}},"73":{"start":{"line":74,"column":0},"end":{"line":74,"column":31}},"74":{"start":{"line":75,"column":0},"end":{"line":75,"column":34}},"75":{"start":{"line":76,"column":0},"end":{"line":76,"column":29}},"76":{"start":{"line":77,"column":0},"end":{"line":77,"column":65}},"77":{"start":{"line":78,"column":0},"end":{"line":78,"column":61}},"78":{"start":{"line":79,"column":0},"end":{"line":79,"column":33}},"79":{"start":{"line":80,"column":0},"end":{"line":80,"column":29}},"80":{"start":{"line":81,"column":0},"end":{"line":81,"column":59}},"81":{"start":{"line":82,"column":0},"end":{"line":82,"column":90}},"82":{"start":{"line":83,"column":0},"end":{"line":83,"column":52}},"83":{"start":{"line":84,"column":0},"end":{"line":84,"column":20}},"84":{"start":{"line":85,"column":0},"end":{"line":85,"column":43}},"85":{"start":{"line":86,"column":0},"end":{"line":86,"column":7}},"86":{"start":{"line":87,"column":0},"end":{"line":87,"column":3}},"87":{"start":{"line":88,"column":0},"end":{"line":88,"column":54}},"88":{"start":{"line":89,"column":0},"end":{"line":89,"column":106}},"89":{"start":{"line":90,"column":0},"end":{"line":90,"column":80}},"90":{"start":{"line":91,"column":0},"end":{"line":91,"column":80}},"91":{"start":{"line":92,"column":0},"end":{"line":92,"column":41}},"92":{"start":{"line":93,"column":0},"end":{"line":93,"column":47}},"93":{"start":{"line":94,"column":0},"end":{"line":94,"column":92}},"94":{"start":{"line":95,"column":0},"end":{"line":95,"column":92}},"95":{"start":{"line":96,"column":0},"end":{"line":96,"column":21}},"96":{"start":{"line":97,"column":0},"end":{"line":97,"column":11}},"97":{"start":{"line":98,"column":0},"end":{"line":98,"column":49}},"98":{"start":{"line":99,"column":0},"end":{"line":99,"column":51}},"99":{"start":{"line":100,"column":0},"end":{"line":100,"column":75}},"100":{"start":{"line":101,"column":0},"end":{"line":101,"column":64}},"101":{"start":{"line":102,"column":0},"end":{"line":102,"column":29}},"102":{"start":{"line":103,"column":0},"end":{"line":103,"column":139}},"103":{"start":{"line":104,"column":0},"end":{"line":104,"column":53}},"104":{"start":{"line":105,"column":0},"end":{"line":105,"column":56}},"105":{"start":{"line":106,"column":0},"end":{"line":106,"column":51}},"106":{"start":{"line":107,"column":0},"end":{"line":107,"column":75}},"107":{"start":{"line":108,"column":0},"end":{"line":108,"column":64}},"108":{"start":{"line":109,"column":0},"end":{"line":109,"column":29}},"109":{"start":{"line":110,"column":0},"end":{"line":110,"column":139}},"110":{"start":{"line":111,"column":0},"end":{"line":111,"column":53}},"111":{"start":{"line":112,"column":0},"end":{"line":112,"column":18}},"112":{"start":{"line":113,"column":0},"end":{"line":113,"column":47}},"113":{"start":{"line":114,"column":0},"end":{"line":114,"column":68}},"114":{"start":{"line":115,"column":0},"end":{"line":115,"column":68}},"115":{"start":{"line":116,"column":0},"end":{"line":116,"column":11}},"116":{"start":{"line":117,"column":0},"end":{"line":117,"column":19}},"117":{"start":{"line":118,"column":0},"end":{"line":118,"column":9}},"118":{"start":{"line":119,"column":0},"end":{"line":119,"column":49}},"119":{"start":{"line":120,"column":0},"end":{"line":120,"column":42}},"120":{"start":{"line":121,"column":0},"end":{"line":121,"column":142}},"121":{"start":{"line":122,"column":0},"end":{"line":122,"column":142}},"122":{"start":{"line":123,"column":0},"end":{"line":123,"column":0}},"123":{"start":{"line":124,"column":0},"end":{"line":124,"column":41}},"124":{"start":{"line":125,"column":0},"end":{"line":125,"column":47}},"125":{"start":{"line":126,"column":0},"end":{"line":126,"column":21}},"126":{"start":{"line":127,"column":0},"end":{"line":127,"column":11}},"127":{"start":{"line":128,"column":0},"end":{"line":128,"column":49}},"128":{"start":{"line":129,"column":0},"end":{"line":129,"column":49}},"129":{"start":{"line":130,"column":0},"end":{"line":130,"column":29}},"130":{"start":{"line":131,"column":0},"end":{"line":131,"column":53}},"131":{"start":{"line":132,"column":0},"end":{"line":132,"column":56}},"132":{"start":{"line":133,"column":0},"end":{"line":133,"column":49}},"133":{"start":{"line":134,"column":0},"end":{"line":134,"column":29}},"134":{"start":{"line":135,"column":0},"end":{"line":135,"column":53}},"135":{"start":{"line":136,"column":0},"end":{"line":136,"column":18}},"136":{"start":{"line":137,"column":0},"end":{"line":137,"column":47}},"137":{"start":{"line":138,"column":0},"end":{"line":138,"column":11}},"138":{"start":{"line":139,"column":0},"end":{"line":139,"column":19}},"139":{"start":{"line":140,"column":0},"end":{"line":140,"column":9}},"140":{"start":{"line":141,"column":0},"end":{"line":141,"column":40}},"141":{"start":{"line":142,"column":0},"end":{"line":142,"column":43}},"142":{"start":{"line":143,"column":0},"end":{"line":143,"column":82}},"143":{"start":{"line":144,"column":0},"end":{"line":144,"column":82}},"144":{"start":{"line":145,"column":0},"end":{"line":145,"column":0}},"145":{"start":{"line":146,"column":0},"end":{"line":146,"column":39}},"146":{"start":{"line":147,"column":0},"end":{"line":147,"column":45}},"147":{"start":{"line":148,"column":0},"end":{"line":148,"column":19}},"148":{"start":{"line":149,"column":0},"end":{"line":149,"column":9}},"149":{"start":{"line":150,"column":0},"end":{"line":150,"column":47}},"150":{"start":{"line":151,"column":0},"end":{"line":151,"column":47}},"151":{"start":{"line":152,"column":0},"end":{"line":152,"column":27}},"152":{"start":{"line":153,"column":0},"end":{"line":153,"column":51}},"153":{"start":{"line":154,"column":0},"end":{"line":154,"column":54}},"154":{"start":{"line":155,"column":0},"end":{"line":155,"column":54}},"155":{"start":{"line":156,"column":0},"end":{"line":156,"column":47}},"156":{"start":{"line":157,"column":0},"end":{"line":157,"column":27}},"157":{"start":{"line":158,"column":0},"end":{"line":158,"column":51}},"158":{"start":{"line":159,"column":0},"end":{"line":159,"column":54}},"159":{"start":{"line":160,"column":0},"end":{"line":160,"column":16}},"160":{"start":{"line":161,"column":0},"end":{"line":161,"column":45}},"161":{"start":{"line":162,"column":0},"end":{"line":162,"column":9}},"162":{"start":{"line":163,"column":0},"end":{"line":163,"column":0}},"163":{"start":{"line":164,"column":0},"end":{"line":164,"column":7}},"164":{"start":{"line":165,"column":0},"end":{"line":165,"column":105}},"165":{"start":{"line":166,"column":0},"end":{"line":166,"column":5}},"166":{"start":{"line":167,"column":0},"end":{"line":167,"column":28}},"167":{"start":{"line":168,"column":0},"end":{"line":168,"column":60}},"168":{"start":{"line":169,"column":0},"end":{"line":169,"column":93}},"169":{"start":{"line":170,"column":0},"end":{"line":170,"column":94}},"170":{"start":{"line":171,"column":0},"end":{"line":171,"column":31}},"171":{"start":{"line":172,"column":0},"end":{"line":172,"column":46}},"172":{"start":{"line":173,"column":0},"end":{"line":173,"column":9}},"173":{"start":{"line":174,"column":0},"end":{"line":174,"column":31}},"174":{"start":{"line":175,"column":0},"end":{"line":175,"column":44}},"175":{"start":{"line":176,"column":0},"end":{"line":176,"column":9}},"176":{"start":{"line":177,"column":0},"end":{"line":177,"column":58}},"177":{"start":{"line":178,"column":0},"end":{"line":178,"column":37}},"178":{"start":{"line":179,"column":0},"end":{"line":179,"column":7}},"179":{"start":{"line":180,"column":0},"end":{"line":180,"column":110}},"180":{"start":{"line":181,"column":0},"end":{"line":181,"column":52}},"181":{"start":{"line":182,"column":0},"end":{"line":182,"column":52}},"182":{"start":{"line":183,"column":0},"end":{"line":183,"column":54}},"183":{"start":{"line":184,"column":0},"end":{"line":184,"column":54}},"184":{"start":{"line":185,"column":0},"end":{"line":185,"column":47}},"185":{"start":{"line":186,"column":0},"end":{"line":186,"column":40}},"186":{"start":{"line":187,"column":0},"end":{"line":187,"column":66}},"187":{"start":{"line":188,"column":0},"end":{"line":188,"column":0}},"188":{"start":{"line":189,"column":0},"end":{"line":189,"column":7}},"189":{"start":{"line":190,"column":0},"end":{"line":190,"column":0}},"190":{"start":{"line":191,"column":0},"end":{"line":191,"column":5}},"191":{"start":{"line":192,"column":0},"end":{"line":192,"column":28}},"192":{"start":{"line":193,"column":0},"end":{"line":193,"column":4}},"193":{"start":{"line":194,"column":0},"end":{"line":194,"column":177}},"194":{"start":{"line":195,"column":0},"end":{"line":195,"column":0}},"195":{"start":{"line":196,"column":0},"end":{"line":196,"column":58}},"196":{"start":{"line":197,"column":0},"end":{"line":197,"column":123}},"197":{"start":{"line":198,"column":0},"end":{"line":198,"column":101}},"198":{"start":{"line":199,"column":0},"end":{"line":199,"column":32}},"199":{"start":{"line":200,"column":0},"end":{"line":200,"column":3}},"200":{"start":{"line":201,"column":0},"end":{"line":201,"column":0}},"201":{"start":{"line":202,"column":0},"end":{"line":202,"column":57}},"202":{"start":{"line":203,"column":0},"end":{"line":203,"column":16}},"203":{"start":{"line":204,"column":0},"end":{"line":204,"column":2}},"204":{"start":{"line":205,"column":0},"end":{"line":205,"column":36}},"205":{"start":{"line":206,"column":0},"end":{"line":206,"column":40}},"206":{"start":{"line":207,"column":0},"end":{"line":207,"column":14}},"207":{"start":{"line":208,"column":0},"end":{"line":208,"column":109}},"208":{"start":{"line":209,"column":0},"end":{"line":209,"column":8}},"209":{"start":{"line":210,"column":0},"end":{"line":210,"column":60}},"210":{"start":{"line":211,"column":0},"end":{"line":211,"column":46}},"211":{"start":{"line":212,"column":0},"end":{"line":212,"column":17}},"212":{"start":{"line":213,"column":0},"end":{"line":213,"column":7}},"213":{"start":{"line":214,"column":0},"end":{"line":214,"column":5}},"214":{"start":{"line":215,"column":0},"end":{"line":215,"column":17}},"215":{"start":{"line":216,"column":0},"end":{"line":216,"column":3}},"216":{"start":{"line":217,"column":0},"end":{"line":217,"column":1}},"217":{"start":{"line":218,"column":0},"end":{"line":218,"column":0}},"218":{"start":{"line":219,"column":0},"end":{"line":219,"column":42}}},"s":{"0":1,"1":1,"2":1,"3":1,"4":1,"5":1,"6":1,"7":1,"8":1,"9":4,"10":4,"11":4,"12":4,"13":4,"14":4,"15":4,"16":4,"17":4,"18":4,"19":4,"20":4,"21":4,"22":1,"23":1,"24":4,"25":4,"26":8,"27":8,"28":8,"29":19,"30":19,"31":19,"32":7,"33":7,"34":7,"35":4,"36":4,"37":4,"38":4,"39":4,"40":4,"41":4,"42":4,"43":1,"44":1,"45":3,"46":4,"47":7,"48":7,"49":1,"50":1,"51":6,"52":0,"53":0,"54":7,"55":7,"56":2,"57":2,"58":2,"59":2,"60":2,"61":2,"62":2,"63":2,"64":2,"65":2,"66":2,"67":2,"68":2,"69":2,"70":2,"71":2,"72":2,"73":2,"74":2,"75":2,"76":2,"77":2,"78":4,"79":4,"80":12,"81":12,"82":12,"83":12,"84":0,"85":0,"86":12,"87":12,"88":0,"89":0,"90":0,"91":0,"92":0,"93":0,"94":0,"95":0,"96":0,"97":0,"98":0,"99":0,"100":0,"101":0,"102":0,"103":0,"104":0,"105":0,"106":0,"107":0,"108":0,"109":0,"110":0,"111":0,"112":0,"113":0,"114":0,"115":0,"116":0,"117":0,"118":12,"119":12,"120":6,"121":6,"122":6,"123":6,"124":2,"125":2,"126":2,"127":6,"128":0,"129":0,"130":0,"131":6,"132":2,"133":2,"134":2,"135":2,"136":2,"137":2,"138":4,"139":4,"140":6,"141":6,"142":6,"143":6,"144":6,"145":6,"146":0,"147":0,"148":0,"149":6,"150":2,"151":2,"152":2,"153":2,"154":6,"155":0,"156":0,"157":0,"158":0,"159":4,"160":4,"161":4,"162":6,"163":6,"164":12,"165":12,"166":4,"167":2,"168":2,"169":0,"170":0,"171":0,"172":0,"173":0,"174":0,"175":0,"176":0,"177":0,"178":0,"179":2,"180":2,"181":2,"182":2,"183":2,"184":2,"185":2,"186":2,"187":2,"188":2,"189":2,"190":2,"191":4,"192":4,"193":2,"194":2,"195":2,"196":2,"197":2,"198":2,"199":2,"200":1,"201":1,"202":24,"203":24,"204":24,"205":64,"206":26,"207":26,"208":26,"209":38,"210":38,"211":12,"212":12,"213":64,"214":16,"215":16,"216":1,"217":1,"218":1},"branchMap":{"0":{"type":"branch","line":9,"loc":{"start":{"line":9,"column":2},"end":{"line":22,"column":3}},"locations":[{"start":{"line":9,"column":2},"end":{"line":22,"column":3}}]},"1":{"type":"branch","line":24,"loc":{"start":{"line":24,"column":2},"end":{"line":200,"column":3}},"locations":[{"start":{"line":24,"column":2},"end":{"line":200,"column":3}}]},"2":{"type":"branch","line":43,"loc":{"start":{"line":43,"column":64},"end":{"line":45,"column":5}},"locations":[{"start":{"line":43,"column":64},"end":{"line":45,"column":5}}]},"3":{"type":"branch","line":45,"loc":{"start":{"line":45,"column":4},"end":{"line":47,"column":28}},"locations":[{"start":{"line":45,"column":4},"end":{"line":47,"column":28}}]},"4":{"type":"branch","line":47,"loc":{"start":{"line":47,"column":28},"end":{"line":56,"column":5}},"locations":[{"start":{"line":47,"column":28},"end":{"line":56,"column":5}}]},"5":{"type":"branch","line":49,"loc":{"start":{"line":49,"column":19},"end":{"line":51,"column":7}},"locations":[{"start":{"line":49,"column":19},"end":{"line":51,"column":7}}]},"6":{"type":"branch","line":52,"loc":{"start":{"line":52,"column":-1},"end":{"line":54,"column":7}},"locations":[{"start":{"line":52,"column":-1},"end":{"line":54,"column":7}}]},"7":{"type":"branch","line":52,"loc":{"start":{"line":52,"column":52},"end":{"line":54,"column":7}},"locations":[{"start":{"line":52,"column":52},"end":{"line":54,"column":7}}]},"8":{"type":"branch","line":56,"loc":{"start":{"line":56,"column":4},"end":{"line":79,"column":32}},"locations":[{"start":{"line":56,"column":4},"end":{"line":79,"column":32}}]},"9":{"type":"branch","line":80,"loc":{"start":{"line":80,"column":28},"end":{"line":166,"column":5}},"locations":[{"start":{"line":80,"column":28},"end":{"line":166,"column":5}}]},"10":{"type":"branch","line":84,"loc":{"start":{"line":84,"column":19},"end":{"line":86,"column":7}},"locations":[{"start":{"line":84,"column":19},"end":{"line":86,"column":7}}]},"11":{"type":"branch","line":88,"loc":{"start":{"line":88,"column":31},"end":{"line":88,"column":52}},"locations":[{"start":{"line":88,"column":31},"end":{"line":88,"column":52}}]},"12":{"type":"branch","line":88,"loc":{"start":{"line":88,"column":53},"end":{"line":118,"column":9}},"locations":[{"start":{"line":88,"column":53},"end":{"line":118,"column":9}}]},"13":{"type":"branch","line":120,"loc":{"start":{"line":120,"column":41},"end":{"line":165,"column":26}},"locations":[{"start":{"line":120,"column":41},"end":{"line":165,"column":26}}]},"14":{"type":"branch","line":121,"loc":{"start":{"line":121,"column":81},"end":{"line":121,"column":141}},"locations":[{"start":{"line":121,"column":81},"end":{"line":121,"column":141}}]},"15":{"type":"branch","line":122,"loc":{"start":{"line":122,"column":81},"end":{"line":122,"column":141}},"locations":[{"start":{"line":122,"column":81},"end":{"line":122,"column":141}}]},"16":{"type":"branch","line":124,"loc":{"start":{"line":124,"column":24},"end":{"line":124,"column":38}},"locations":[{"start":{"line":124,"column":24},"end":{"line":124,"column":38}}]},"17":{"type":"branch","line":124,"loc":{"start":{"line":124,"column":40},"end":{"line":127,"column":11}},"locations":[{"start":{"line":124,"column":40},"end":{"line":127,"column":11}}]},"18":{"type":"branch","line":127,"loc":{"start":{"line":127,"column":10},"end":{"line":128,"column":28}},"locations":[{"start":{"line":127,"column":10},"end":{"line":128,"column":28}}]},"19":{"type":"branch","line":128,"loc":{"start":{"line":128,"column":24},"end":{"line":128,"column":46}},"locations":[{"start":{"line":128,"column":24},"end":{"line":128,"column":46}}]},"20":{"type":"branch","line":128,"loc":{"start":{"line":128,"column":48},"end":{"line":132,"column":11}},"locations":[{"start":{"line":128,"column":48},"end":{"line":132,"column":11}}]},"21":{"type":"branch","line":132,"loc":{"start":{"line":132,"column":11},"end":{"line":140,"column":9}},"locations":[{"start":{"line":132,"column":11},"end":{"line":140,"column":9}}]},"22":{"type":"branch","line":132,"loc":{"start":{"line":132,"column":31},"end":{"line":132,"column":53}},"locations":[{"start":{"line":132,"column":31},"end":{"line":132,"column":53}}]},"23":{"type":"branch","line":132,"loc":{"start":{"line":132,"column":55},"end":{"line":138,"column":11}},"locations":[{"start":{"line":132,"column":55},"end":{"line":138,"column":11}}]},"24":{"type":"branch","line":146,"loc":{"start":{"line":146,"column":22},"end":{"line":146,"column":36}},"locations":[{"start":{"line":146,"column":22},"end":{"line":146,"column":36}}]},"25":{"type":"branch","line":146,"loc":{"start":{"line":146,"column":38},"end":{"line":149,"column":9}},"locations":[{"start":{"line":146,"column":38},"end":{"line":149,"column":9}}]},"26":{"type":"branch","line":150,"loc":{"start":{"line":150,"column":22},"end":{"line":150,"column":44}},"locations":[{"start":{"line":150,"column":22},"end":{"line":150,"column":44}}]},"27":{"type":"branch","line":150,"loc":{"start":{"line":150,"column":46},"end":{"line":155,"column":9}},"locations":[{"start":{"line":150,"column":46},"end":{"line":155,"column":9}}]},"28":{"type":"branch","line":155,"loc":{"start":{"line":155,"column":9},"end":{"line":162,"column":9}},"locations":[{"start":{"line":155,"column":9},"end":{"line":162,"column":9}}]},"29":{"type":"branch","line":155,"loc":{"start":{"line":155,"column":29},"end":{"line":155,"column":51}},"locations":[{"start":{"line":155,"column":29},"end":{"line":155,"column":51}}]},"30":{"type":"branch","line":155,"loc":{"start":{"line":155,"column":53},"end":{"line":160,"column":9}},"locations":[{"start":{"line":155,"column":53},"end":{"line":160,"column":9}}]},"31":{"type":"branch","line":165,"loc":{"start":{"line":165,"column":26},"end":{"line":165,"column":57}},"locations":[{"start":{"line":165,"column":26},"end":{"line":165,"column":57}}]},"32":{"type":"branch","line":167,"loc":{"start":{"line":167,"column":27},"end":{"line":191,"column":5}},"locations":[{"start":{"line":167,"column":27},"end":{"line":191,"column":5}}]},"33":{"type":"branch","line":169,"loc":{"start":{"line":169,"column":51},"end":{"line":169,"column":90}},"locations":[{"start":{"line":169,"column":51},"end":{"line":169,"column":90}}]},"34":{"type":"branch","line":169,"loc":{"start":{"line":169,"column":92},"end":{"line":179,"column":7}},"locations":[{"start":{"line":169,"column":92},"end":{"line":179,"column":7}}]},"35":{"type":"branch","line":193,"loc":{"start":{"line":193,"column":2},"end":{"line":200,"column":3}},"locations":[{"start":{"line":193,"column":2},"end":{"line":200,"column":3}}]},"36":{"type":"branch","line":26,"loc":{"start":{"line":26,"column":4},"end":{"line":35,"column":5}},"locations":[{"start":{"line":26,"column":4},"end":{"line":35,"column":5}}]},"37":{"type":"branch","line":29,"loc":{"start":{"line":29,"column":25},"end":{"line":32,"column":7}},"locations":[{"start":{"line":29,"column":25},"end":{"line":32,"column":7}}]},"38":{"type":"branch","line":30,"loc":{"start":{"line":30,"column":47},"end":{"line":30,"column":60}},"locations":[{"start":{"line":30,"column":47},"end":{"line":30,"column":60}}]},"39":{"type":"branch","line":32,"loc":{"start":{"line":32,"column":6},"end":{"line":35,"column":5}},"locations":[{"start":{"line":32,"column":6},"end":{"line":35,"column":5}}]},"40":{"type":"branch","line":27,"loc":{"start":{"line":27,"column":44},"end":{"line":27,"column":57}},"locations":[{"start":{"line":27,"column":44},"end":{"line":27,"column":57}}]},"41":{"type":"branch","line":39,"loc":{"start":{"line":39,"column":46},"end":{"line":39,"column":59}},"locations":[{"start":{"line":39,"column":46},"end":{"line":39,"column":59}}]},"42":{"type":"branch","line":40,"loc":{"start":{"line":40,"column":46},"end":{"line":40,"column":59}},"locations":[{"start":{"line":40,"column":46},"end":{"line":40,"column":59}}]},"43":{"type":"branch","line":41,"loc":{"start":{"line":41,"column":42},"end":{"line":41,"column":55}},"locations":[{"start":{"line":41,"column":42},"end":{"line":41,"column":55}}]},"44":{"type":"branch","line":48,"loc":{"start":{"line":48,"column":39},"end":{"line":48,"column":59}},"locations":[{"start":{"line":48,"column":39},"end":{"line":48,"column":59}}]},"45":{"type":"branch","line":81,"loc":{"start":{"line":81,"column":37},"end":{"line":81,"column":57}},"locations":[{"start":{"line":81,"column":37},"end":{"line":81,"column":57}}]},"46":{"type":"branch","line":121,"loc":{"start":{"line":121,"column":109},"end":{"line":121,"column":140}},"locations":[{"start":{"line":121,"column":109},"end":{"line":121,"column":140}}]},"47":{"type":"branch","line":122,"loc":{"start":{"line":122,"column":109},"end":{"line":122,"column":140}},"locations":[{"start":{"line":122,"column":109},"end":{"line":122,"column":140}}]},"48":{"type":"branch","line":187,"loc":{"start":{"line":187,"column":39},"end":{"line":187,"column":64}},"locations":[{"start":{"line":187,"column":39},"end":{"line":187,"column":64}}]},"49":{"type":"branch","line":202,"loc":{"start":{"line":202,"column":2},"end":{"line":216,"column":3}},"locations":[{"start":{"line":202,"column":2},"end":{"line":216,"column":3}}]},"50":{"type":"branch","line":205,"loc":{"start":{"line":205,"column":35},"end":{"line":214,"column":5}},"locations":[{"start":{"line":205,"column":35},"end":{"line":214,"column":5}}]},"51":{"type":"branch","line":206,"loc":{"start":{"line":206,"column":39},"end":{"line":209,"column":8}},"locations":[{"start":{"line":206,"column":39},"end":{"line":209,"column":8}}]},"52":{"type":"branch","line":208,"loc":{"start":{"line":208,"column":45},"end":{"line":208,"column":57}},"locations":[{"start":{"line":208,"column":45},"end":{"line":208,"column":57}}]},"53":{"type":"branch","line":209,"loc":{"start":{"line":209,"column":6},"end":{"line":213,"column":7}},"locations":[{"start":{"line":209,"column":6},"end":{"line":213,"column":7}}]},"54":{"type":"branch","line":211,"loc":{"start":{"line":211,"column":45},"end":{"line":213,"column":7}},"locations":[{"start":{"line":211,"column":45},"end":{"line":213,"column":7}}]},"55":{"type":"branch","line":214,"loc":{"start":{"line":214,"column":4},"end":{"line":216,"column":3}},"locations":[{"start":{"line":214,"column":4},"end":{"line":216,"column":3}}]}},"b":{"0":[4],"1":[4],"2":[1],"3":[3],"4":[7],"5":[1],"6":[6],"7":[0],"8":[2],"9":[12],"10":[0],"11":[0],"12":[0],"13":[6],"14":[2],"15":[4],"16":[2],"17":[2],"18":[4],"19":[0],"20":[0],"21":[4],"22":[2],"23":[2],"24":[2],"25":[0],"26":[2],"27":[2],"28":[4],"29":[0],"30":[0],"31":[3],"32":[2],"33":[0],"34":[0],"35":[2],"36":[8],"37":[19],"38":[1],"39":[7],"40":[19],"41":[8],"42":[11],"43":[8],"44":[22],"45":[30],"46":[4],"47":[10],"48":[6],"49":[24],"50":[64],"51":[26],"52":[8],"53":[38],"54":[12],"55":[16]},"fnMap":{"0":{"name":"AbrigoAnimais","decl":{"start":{"line":9,"column":2},"end":{"line":22,"column":3}},"loc":{"start":{"line":9,"column":2},"end":{"line":22,"column":3}},"line":9},"1":{"name":"encontraPessoas","decl":{"start":{"line":24,"column":2},"end":{"line":200,"column":3}},"loc":{"start":{"line":24,"column":2},"end":{"line":200,"column":3}},"line":24},"2":{"name":"validaBrinquedos","decl":{"start":{"line":26,"column":4},"end":{"line":35,"column":5}},"loc":{"start":{"line":26,"column":4},"end":{"line":35,"column":5}},"line":26},"3":{"name":"comparaBrinquedos","decl":{"start":{"line":202,"column":2},"end":{"line":216,"column":3}},"loc":{"start":{"line":202,"column":2},"end":{"line":216,"column":3}},"line":202}},"f":{"0":4,"1":4,"2":8,"3":24}}
}
