TN:
SF:src\abrigo-animais.js
FN:9,AbrigoAnimais
FN:24,encontraPessoas
FN:26,validaBrinquedos
FN:202,comparaBrinquedos
FNF:4
FNH:4
FNDA:4,AbrigoAnimais
FNDA:4,encontraPessoas
FNDA:8,validaBrinquedos
FNDA:24,comparaBrinquedos
DA:1,1
DA:2,1
DA:3,1
DA:4,1
DA:5,1
DA:6,1
DA:7,1
DA:8,1
DA:9,1
DA:10,4
DA:11,4
DA:12,4
DA:13,4
DA:14,4
DA:15,4
DA:16,4
DA:17,4
DA:18,4
DA:19,4
DA:20,4
DA:21,4
DA:22,4
DA:23,1
DA:24,1
DA:25,4
DA:26,4
DA:27,8
DA:28,8
DA:29,8
DA:30,19
DA:31,19
DA:32,19
DA:33,7
DA:34,7
DA:35,7
DA:36,4
DA:37,4
DA:38,4
DA:39,4
DA:40,4
DA:41,4
DA:42,4
DA:43,4
DA:44,1
DA:45,1
DA:46,3
DA:47,4
DA:48,7
DA:49,7
DA:50,1
DA:51,1
DA:52,6
DA:53,0
DA:54,0
DA:55,7
DA:56,7
DA:57,2
DA:58,2
DA:59,2
DA:60,2
DA:61,2
DA:62,2
DA:63,2
DA:64,2
DA:65,2
DA:66,2
DA:67,2
DA:68,2
DA:69,2
DA:70,2
DA:71,2
DA:72,2
DA:73,2
DA:74,2
DA:75,2
DA:76,2
DA:77,2
DA:78,2
DA:79,4
DA:80,4
DA:81,12
DA:82,12
DA:83,12
DA:84,12
DA:85,0
DA:86,0
DA:87,12
DA:88,12
DA:89,0
DA:90,0
DA:91,0
DA:92,0
DA:93,0
DA:94,0
DA:95,0
DA:96,0
DA:97,0
DA:98,0
DA:99,0
DA:100,0
DA:101,0
DA:102,0
DA:103,0
DA:104,0
DA:105,0
DA:106,0
DA:107,0
DA:108,0
DA:109,0
DA:110,0
DA:111,0
DA:112,0
DA:113,0
DA:114,0
DA:115,0
DA:116,0
DA:117,0
DA:118,0
DA:119,12
DA:120,12
DA:121,6
DA:122,6
DA:123,6
DA:124,6
DA:125,2
DA:126,2
DA:127,2
DA:128,6
DA:129,0
DA:130,0
DA:131,0
DA:132,6
DA:133,2
DA:134,2
DA:135,2
DA:136,2
DA:137,2
DA:138,2
DA:139,4
DA:140,4
DA:141,6
DA:142,6
DA:143,6
DA:144,6
DA:145,6
DA:146,6
DA:147,0
DA:148,0
DA:149,0
DA:150,6
DA:151,2
DA:152,2
DA:153,2
DA:154,2
DA:155,6
DA:156,0
DA:157,0
DA:158,0
DA:159,0
DA:160,4
DA:161,4
DA:162,4
DA:163,6
DA:164,6
DA:165,12
DA:166,12
DA:167,4
DA:168,2
DA:169,2
DA:170,0
DA:171,0
DA:172,0
DA:173,0
DA:174,0
DA:175,0
DA:176,0
DA:177,0
DA:178,0
DA:179,0
DA:180,2
DA:181,2
DA:182,2
DA:183,2
DA:184,2
DA:185,2
DA:186,2
DA:187,2
DA:188,2
DA:189,2
DA:190,2
DA:191,2
DA:192,4
DA:193,4
DA:194,2
DA:195,2
DA:196,2
DA:197,2
DA:198,2
DA:199,2
DA:200,2
DA:201,1
DA:202,1
DA:203,24
DA:204,24
DA:205,24
DA:206,64
DA:207,26
DA:208,26
DA:209,26
DA:210,38
DA:211,38
DA:212,12
DA:213,12
DA:214,64
DA:215,16
DA:216,16
DA:217,1
DA:218,1
DA:219,1
LF:219
LH:165
BRDA:9,0,0,4
BRDA:24,1,0,4
BRDA:43,2,0,1
BRDA:45,3,0,3
BRDA:47,4,0,7
BRDA:49,5,0,1
BRDA:52,6,0,6
BRDA:52,7,0,0
BRDA:56,8,0,2
BRDA:80,9,0,12
BRDA:84,10,0,0
BRDA:88,11,0,0
BRDA:88,12,0,0
BRDA:120,13,0,6
BRDA:121,14,0,2
BRDA:122,15,0,4
BRDA:124,16,0,2
BRDA:124,17,0,2
BRDA:127,18,0,4
BRDA:128,19,0,0
BRDA:128,20,0,0
BRDA:132,21,0,4
BRDA:132,22,0,2
BRDA:132,23,0,2
BRDA:146,24,0,2
BRDA:146,25,0,0
BRDA:150,26,0,2
BRDA:150,27,0,2
BRDA:155,28,0,4
BRDA:155,29,0,0
BRDA:155,30,0,0
BRDA:165,31,0,3
BRDA:167,32,0,2
BRDA:169,33,0,0
BRDA:169,34,0,0
BRDA:193,35,0,2
BRDA:26,36,0,8
BRDA:29,37,0,19
BRDA:30,38,0,1
BRDA:32,39,0,7
BRDA:27,40,0,19
BRDA:39,41,0,8
BRDA:40,42,0,11
BRDA:41,43,0,8
BRDA:48,44,0,22
BRDA:81,45,0,30
BRDA:121,46,0,4
BRDA:122,47,0,10
BRDA:187,48,0,6
BRDA:202,49,0,24
BRDA:205,50,0,64
BRDA:206,51,0,26
BRDA:208,52,0,8
BRDA:209,53,0,38
BRDA:211,54,0,12
BRDA:214,55,0,16
BRF:56
BRH:45
end_of_record
